<?xml version="1.0" encoding="UTF-8"?>
<testsuite name="com.kida.android.start.ExampleUnitTest" tests="1" skipped="0" failures="0" errors="0" timestamp="2016-01-23T22:48:24" hostname="Mandars-MBP.home" time="0.001">
  <properties/>
  <testcase name="addition_isCorrect" classname="com.kida.android.start.ExampleUnitTest" time="0.001"/>
  <system-out><![CDATA[]]></system-out>
  <system-err><![CDATA[]]></system-err>
</testsuite>
